2022-03-06 16:36:54,117 INFO o.a.j.u.JMeterUtils: Setting Locale to en_EN
2022-03-06 16:36:54,132 INFO o.a.j.JMeter: Loading user properties from: /opt/homebrew/Cellar/jmeter/5.4.3/libexec/bin/user.properties
2022-03-06 16:36:54,132 INFO o.a.j.JMeter: Loading system properties from: /opt/homebrew/Cellar/jmeter/5.4.3/libexec/bin/system.properties
2022-03-06 16:36:54,136 INFO o.a.j.JMeter: Copyright (c) 1998-2021 The Apache Software Foundation
2022-03-06 16:36:54,136 INFO o.a.j.JMeter: Version 5.4.3
2022-03-06 16:36:54,136 INFO o.a.j.JMeter: java.version=17.0.2
2022-03-06 16:36:54,136 INFO o.a.j.JMeter: java.vm.name=OpenJDK 64-Bit Server VM
2022-03-06 16:36:54,136 INFO o.a.j.JMeter: os.name=Mac OS X
2022-03-06 16:36:54,136 INFO o.a.j.JMeter: os.arch=aarch64
2022-03-06 16:36:54,136 INFO o.a.j.JMeter: os.version=11.3.1
2022-03-06 16:36:54,136 INFO o.a.j.JMeter: file.encoding=UTF-8
2022-03-06 16:36:54,136 INFO o.a.j.JMeter: java.awt.headless=null
2022-03-06 16:36:54,136 INFO o.a.j.JMeter: Max memory     =1073741824
2022-03-06 16:36:54,136 INFO o.a.j.JMeter: Available Processors =8
2022-03-06 16:36:54,142 INFO o.a.j.JMeter: Default Locale=English (EN)
2022-03-06 16:36:54,142 INFO o.a.j.JMeter: JMeter  Locale=English (EN)
2022-03-06 16:36:54,142 INFO o.a.j.JMeter: JMeterHome=/opt/homebrew/Cellar/jmeter/5.4.3/libexec
2022-03-06 16:36:54,142 INFO o.a.j.JMeter: user.dir  =/Users/prernaachtani/Documents/kubernetes-clone/DSDummies
2022-03-06 16:36:54,142 INFO o.a.j.JMeter: PWD       =/Users/prernaachtani/Documents/kubernetes-clone/DSDummies
2022-03-06 16:36:54,144 INFO o.a.j.JMeter: IP: 127.0.0.1 Name: Prernas-MacBook-Air.local FullName: localhost
2022-03-06 16:36:54,480 INFO o.a.j.JMeter: Setting LAF to: laf:com.apple.laf.AquaLookAndFeel
2022-03-06 16:36:55,436 INFO o.a.j.JMeter: Loaded icon properties from org/apache/jmeter/images/icon.properties
2022-03-06 16:36:56,064 INFO o.j.r.JARSourceHTTP: Requesting https://jmeter-plugins.org/repo/?installID=mac_os_x-1416b2cd2703e644271e9c2ead17cd55-gui
2022-03-06 16:36:57,231 INFO o.j.r.PluginManager: Plugins Status: [jpgc-plugins-manager=1.7, jmeter-core=5.4.3, jmeter-ftp=5.4.3, jmeter-http=5.4.3, jmeter-jdbc=5.4.3, jmeter-jms=5.4.3, jmeter-junit=5.4.3, jmeter-java=5.4.3, jmeter-ldap=5.4.3, jmeter-mail=5.4.3, jmeter-mongodb=5.4.3, jmeter-native=5.4.3, jmeter-tcp=5.4.3, jmeter-components=5.4.3]
2022-03-06 16:37:16,453 INFO o.a.j.s.FileServer: Default base='/Users/prernaachtani/Documents/kubernetes-clone/DSDummies'
2022-03-06 16:37:16,456 INFO o.a.j.g.a.Load: Loading file: /Users/prernaachtani/Documents/jmeter-testcases-assignement2/Test Plan - data ingestor.jmx
2022-03-06 16:37:16,456 INFO o.a.j.s.FileServer: Set new base='/Users/prernaachtani/Documents/jmeter-testcases-assignement2'
2022-03-06 16:37:16,527 INFO o.a.j.s.SaveService: Testplan (JMX) version: 2.2. Testlog (JTL) version: 2.2
2022-03-06 16:37:16,531 INFO o.a.j.s.SaveService: Using SaveService properties version 5.0
2022-03-06 16:37:16,532 INFO o.a.j.s.SaveService: Using SaveService properties file encoding UTF-8
2022-03-06 16:37:16,532 INFO o.a.j.s.SaveService: Loading file: /Users/prernaachtani/Documents/jmeter-testcases-assignement2/Test Plan - data ingestor.jmx
2022-03-06 16:37:16,579 INFO o.a.j.p.h.s.HTTPSamplerBase: Parser for text/html is org.apache.jmeter.protocol.http.parser.LagartoBasedHtmlParser
2022-03-06 16:37:16,579 INFO o.a.j.p.h.s.HTTPSamplerBase: Parser for application/xhtml+xml is org.apache.jmeter.protocol.http.parser.LagartoBasedHtmlParser
2022-03-06 16:37:16,579 INFO o.a.j.p.h.s.HTTPSamplerBase: Parser for application/xml is org.apache.jmeter.protocol.http.parser.LagartoBasedHtmlParser
2022-03-06 16:37:16,579 INFO o.a.j.p.h.s.HTTPSamplerBase: Parser for text/xml is org.apache.jmeter.protocol.http.parser.LagartoBasedHtmlParser
2022-03-06 16:37:16,579 INFO o.a.j.p.h.s.HTTPSamplerBase: Parser for text/vnd.wap.wml is org.apache.jmeter.protocol.http.parser.RegexpHTMLParser
2022-03-06 16:37:16,579 INFO o.a.j.p.h.s.HTTPSamplerBase: Parser for text/css is org.apache.jmeter.protocol.http.parser.CssParser
2022-03-06 16:37:16,583 INFO o.a.j.p.h.c.CookieManager: Settings: Delete null: true Check: true Allow variable: true Save: false Prefix: COOKIE_
2022-03-06 16:37:16,624 INFO o.a.j.s.SampleResult: Note: Sample TimeStamps are START times
2022-03-06 16:37:16,625 INFO o.a.j.s.SampleResult: sampleresult.default.encoding is set to ISO-8859-1
2022-03-06 16:37:16,625 INFO o.a.j.s.SampleResult: sampleresult.useNanoTime=true
2022-03-06 16:37:16,625 INFO o.a.j.s.SampleResult: sampleresult.nanoThreadSleep=5000
2022-03-06 16:37:16,689 INFO o.a.j.v.ViewResultsFullVisualizer: Add JavaFX to your Java installation if you want to use renderer: org.apache.jmeter.visualizers.RenderInBrowser
2022-03-06 16:37:16,753 INFO o.a.j.s.FileServer: Set new base='/Users/prernaachtani/Documents/jmeter-testcases-assignement2'
